<?xml version="1.0" encoding="UTF-8"?>
<testsuite xmlns:xsi="http://www.w3.org/2001/XMLSchema-instance" xsi:noNamespaceSchemaLocation="https://maven.apache.org/surefire/maven-surefire-plugin/xsd/surefire-test-report.xsd" name="Parallel04IT" time="12.169" tests="4" errors="0" skipped="0" failures="0">
  <properties>
[...]
</properties>
  <testcase name="Given I have access to consent service" classname="Scenario: Updating a consent - valid" time="0.002"/>
  <testcase name="When I update a consent using &quot;validUpdate.json&quot; on &quot;1&quot;" classname="Scenario: Updating a consent - valid" time="0"/>
  <testcase name="Then the following update consent result is available" classname="Scenario: Updating a consent - valid" time="0.002"/>
  <testcase name="Scenario: Updating a consent - valid" classname="Scenario: Updating a consent - valid" time="0.002"/>
</testsuite>